cl : command line warning D9035: option 'Gm' has been deprecated and will be removed in a future release
  example1.cpp
D:\Do hoa may tinh\Quat\BaiTHso3_2_project_Cube\GLSLExperiment\example1.cpp(117,41): warning C4305: 'argument': truncation from 'double' to 'GLfloat'
D:\Do hoa may tinh\Quat\BaiTHso3_2_project_Cube\GLSLExperiment\example1.cpp(122,44): warning C4305: 'argument': truncation from 'double' to 'GLfloat'
D:\Do hoa may tinh\Quat\BaiTHso3_2_project_Cube\GLSLExperiment\example1.cpp(123,45): warning C4305: 'argument': truncation from 'double' to 'GLfloat'
D:\Do hoa may tinh\Quat\BaiTHso3_2_project_Cube\GLSLExperiment\example1.cpp(145,28): warning C4305: 'initializing': truncation from 'double' to 'GLfloat'
D:\Do hoa may tinh\Quat\BaiTHso3_2_project_Cube\GLSLExperiment\example1.cpp(175,24): warning C4305: 'initializing': truncation from 'double' to 'GLfloat'
D:\Do hoa may tinh\Quat\BaiTHso3_2_project_Cube\GLSLExperiment\example1.cpp(175,41): warning C4305: 'initializing': truncation from 'double' to 'GLfloat'
D:\Do hoa may tinh\Quat\BaiTHso3_2_project_Cube\GLSLExperiment\example1.cpp(175,57): warning C4305: 'initializing': truncation from 'double' to 'GLfloat'
D:\Do hoa may tinh\Quat\BaiTHso3_2_project_Cube\GLSLExperiment\example1.cpp(176,24): warning C4305: 'initializing': truncation from 'double' to 'GLfloat'
D:\Do hoa may tinh\Quat\BaiTHso3_2_project_Cube\GLSLExperiment\example1.cpp(176,40): warning C4305: 'initializing': truncation from 'double' to 'GLfloat'
D:\Do hoa may tinh\Quat\BaiTHso3_2_project_Cube\GLSLExperiment\example1.cpp(176,57): warning C4305: 'initializing': truncation from 'double' to 'GLfloat'
D:\Do hoa may tinh\Quat\BaiTHso3_2_project_Cube\GLSLExperiment\example1.cpp(177,39): warning C4305: 'initializing': truncation from 'double' to 'GLfloat'
D:\Do hoa may tinh\Quat\BaiTHso3_2_project_Cube\GLSLExperiment\example1.cpp(177,55): warning C4305: 'initializing': truncation from 'double' to 'GLfloat'
D:\Do hoa may tinh\Quat\BaiTHso3_2_project_Cube\GLSLExperiment\example1.cpp(178,19): warning C4305: 'initializing': truncation from 'double' to 'GLfloat'
D:\Do hoa may tinh\Quat\BaiTHso3_2_project_Cube\GLSLExperiment\example1.cpp(178,31): warning C4305: 'initializing': truncation from 'double' to 'GLfloat'
D:\Do hoa may tinh\Quat\BaiTHso3_2_project_Cube\GLSLExperiment\example1.cpp(178,43): warning C4305: 'initializing': truncation from 'double' to 'GLfloat'
D:\Do hoa may tinh\Quat\BaiTHso3_2_project_Cube\GLSLExperiment\example1.cpp(184,58): warning C4244: 'argument': conversion from 'double' to 'const GLfloat', possible loss of data
D:\Do hoa may tinh\Quat\BaiTHso3_2_project_Cube\GLSLExperiment\example1.cpp(184,36): warning C4244: 'argument': conversion from 'double' to 'const GLfloat', possible loss of data
D:\Do hoa may tinh\Quat\BaiTHso3_2_project_Cube\GLSLExperiment\example1.cpp(187,60): warning C4244: 'argument': conversion from 'double' to 'const GLfloat', possible loss of data
D:\Do hoa may tinh\Quat\BaiTHso3_2_project_Cube\GLSLExperiment\example1.cpp(187,37): warning C4244: 'argument': conversion from 'double' to 'const GLfloat', possible loss of data
D:\Do hoa may tinh\Quat\BaiTHso3_2_project_Cube\GLSLExperiment\example1.cpp(190,58): warning C4244: 'argument': conversion from 'double' to 'const GLfloat', possible loss of data
D:\Do hoa may tinh\Quat\BaiTHso3_2_project_Cube\GLSLExperiment\example1.cpp(190,33): warning C4244: 'argument': conversion from 'double' to 'const GLfloat', possible loss of data
D:\Do hoa may tinh\Quat\BaiTHso3_2_project_Cube\GLSLExperiment\example1.cpp(193,59): warning C4244: 'argument': conversion from 'double' to 'const GLfloat', possible loss of data
D:\Do hoa may tinh\Quat\BaiTHso3_2_project_Cube\GLSLExperiment\example1.cpp(193,34): warning C4244: 'argument': conversion from 'double' to 'const GLfloat', possible loss of data
D:\Do hoa may tinh\Quat\BaiTHso3_2_project_Cube\GLSLExperiment\example1.cpp(198,60): warning C4244: 'argument': conversion from 'double' to 'const GLfloat', possible loss of data
D:\Do hoa may tinh\Quat\BaiTHso3_2_project_Cube\GLSLExperiment\example1.cpp(198,42): warning C4244: 'argument': conversion from 'double' to 'const GLfloat', possible loss of data
D:\Do hoa may tinh\Quat\BaiTHso3_2_project_Cube\GLSLExperiment\example1.cpp(201,76): warning C4244: 'argument': conversion from 'double' to 'const GLfloat', possible loss of data
D:\Do hoa may tinh\Quat\BaiTHso3_2_project_Cube\GLSLExperiment\example1.cpp(201,57): warning C4244: 'argument': conversion from 'double' to 'const GLfloat', possible loss of data
D:\Do hoa may tinh\Quat\BaiTHso3_2_project_Cube\GLSLExperiment\example1.cpp(204,76): warning C4244: 'argument': conversion from 'double' to 'const GLfloat', possible loss of data
D:\Do hoa may tinh\Quat\BaiTHso3_2_project_Cube\GLSLExperiment\example1.cpp(204,58): warning C4244: 'argument': conversion from 'double' to 'const GLfloat', possible loss of data
D:\Do hoa may tinh\Quat\BaiTHso3_2_project_Cube\GLSLExperiment\example1.cpp(209,38): warning C4244: 'argument': conversion from 'double' to 'const GLfloat', possible loss of data
D:\Do hoa may tinh\Quat\BaiTHso3_2_project_Cube\GLSLExperiment\example1.cpp(213,38): warning C4244: 'argument': conversion from 'double' to 'const GLfloat', possible loss of data
D:\Do hoa may tinh\Quat\BaiTHso3_2_project_Cube\GLSLExperiment\example1.cpp(214,22): warning C4244: 'argument': conversion from 'double' to 'GLfloat', possible loss of data
D:\Do hoa may tinh\Quat\BaiTHso3_2_project_Cube\GLSLExperiment\example1.cpp(262,28): warning C4244: 'argument': conversion from 'double' to 'const GLfloat', possible loss of data
D:\Do hoa may tinh\Quat\BaiTHso3_2_project_Cube\GLSLExperiment\example1.cpp(264,38): warning C4244: 'argument': conversion from 'double' to 'const GLfloat', possible loss of data
D:\Do hoa may tinh\Quat\BaiTHso3_2_project_Cube\GLSLExperiment\example1.cpp(294,21): warning C4305: '*=': truncation from 'double' to 'GLfloat'
D:\Do hoa may tinh\Quat\BaiTHso3_2_project_Cube\GLSLExperiment\example1.cpp(294,31): warning C4305: '*=': truncation from 'double' to 'GLfloat'
D:\Do hoa may tinh\Quat\BaiTHso3_2_project_Cube\GLSLExperiment\example1.cpp(295,21): warning C4305: '*=': truncation from 'double' to 'GLfloat'
D:\Do hoa may tinh\Quat\BaiTHso3_2_project_Cube\GLSLExperiment\example1.cpp(295,31): warning C4305: '*=': truncation from 'double' to 'GLfloat'
D:\Do hoa may tinh\Quat\BaiTHso3_2_project_Cube\GLSLExperiment\example1.cpp(296,21): warning C4305: '*=': truncation from 'double' to 'GLfloat'
D:\Do hoa may tinh\Quat\BaiTHso3_2_project_Cube\GLSLExperiment\example1.cpp(296,31): warning C4305: '*=': truncation from 'double' to 'GLfloat'
D:\Do hoa may tinh\Quat\BaiTHso3_2_project_Cube\GLSLExperiment\example1.cpp(297,21): warning C4305: '*=': truncation from 'double' to 'GLfloat'
D:\Do hoa may tinh\Quat\BaiTHso3_2_project_Cube\GLSLExperiment\example1.cpp(297,31): warning C4305: '*=': truncation from 'double' to 'GLfloat'
D:\Do hoa may tinh\Quat\BaiTHso3_2_project_Cube\GLSLExperiment\example1.cpp(298,25): warning C4305: '*=': truncation from 'double' to 'GLfloat'
D:\Do hoa may tinh\Quat\BaiTHso3_2_project_Cube\GLSLExperiment\example1.cpp(298,38): warning C4305: '*=': truncation from 'double' to 'GLfloat'
D:\Do hoa may tinh\Quat\BaiTHso3_2_project_Cube\GLSLExperiment\example1.cpp(299,25): warning C4305: '*=': truncation from 'double' to 'GLfloat'
D:\Do hoa may tinh\Quat\BaiTHso3_2_project_Cube\GLSLExperiment\example1.cpp(299,38): warning C4305: '*=': truncation from 'double' to 'GLfloat'
D:\Do hoa may tinh\Quat\BaiTHso3_2_project_Cube\GLSLExperiment\example1.cpp(301,16): warning C4305: '+=': truncation from 'double' to 'GLfloat'
  GLSLExperiment.vcxproj -> D:\Do hoa may tinh\Quat\BaiTHso3_2_project_Cube\Debug\GLSLExperiment.exe
